<?xml version="1.0" encoding="UTF-8"?>
<!-- Generated by org.testng.reporters.JUnitXMLReporter -->
<testsuite ignored="0" hostname="Jat" failures="0" tests="8" name="Default test" time="10.107" errors="0" timestamp="2025-08-08T11:48:28 IST">
  <testcase classname="Page.Main_run_test" name="completeCheckoutFlow" time="2.711"/>
  <testcase classname="Page.LogIn_Page" name="loginpage" time="0.636"/>
  <testcase classname="Page.Main_Items_page" name="MainproductScreen" time="0.77"/>
  <testcase classname="Page.Shopping_Cart_page" name="CheckoutItemList" time="0.383"/>
  <testcase classname="Page.Checkout_information_page" name="information" time="0.586"/>
  <testcase classname="Page.Checkout_Overview" name="Checkprice" time="0.318"/>
  <testcase classname="Page.Checkout_Complete" name="Confirmtext" time="0.174"/>
  <testcase classname="Page.BacktoLogin" name="GotoLoginScreen" time="0.443"/>
</testsuite> <!-- Default test -->
