<?xml version="1.0" encoding="UTF-8"?>
<!-- Generated by org.testng.reporters.JUnitXMLReporter -->
<testsuite ignored="7" hostname="Jat" failures="0" tests="1" name="Default test" time="5.779" errors="0" timestamp="2025-08-04T19:05:55 IST">
  <testcase classname="Page.Main_run_test" name="completeCheckoutFlow" time="2.677"/>
  <testcase classname="Page.Checkout_Overview" name="Checkprice" time="0.0">
    <ignored/>
  </testcase> <!-- Checkprice -->
  <testcase classname="Page.Checkout_Complete" name="Confirmtext" time="0.0">
    <ignored/>
  </testcase> <!-- Confirmtext -->
  <testcase classname="Page.Shopping_Cart_page" name="CheckoutItemList" time="0.0">
    <ignored/>
  </testcase> <!-- CheckoutItemList -->
  <testcase classname="Page.LogIn_Page" name="loginpage" time="0.0">
    <ignored/>
  </testcase> <!-- loginpage -->
  <testcase classname="Page.Main_Items_page" name="MainproductScreen" time="0.0">
    <ignored/>
  </testcase> <!-- MainproductScreen -->
  <testcase classname="Page.Checkout_information_page" name="information" time="0.0">
    <ignored/>
  </testcase> <!-- information -->
  <testcase classname="Page.BacktoLogin" name="GotoLoginScreen" time="0.0">
    <ignored/>
  </testcase> <!-- GotoLoginScreen -->
</testsuite> <!-- Default test -->
