<?xml version="1.0" encoding="UTF-8"?>
<!-- Generated by org.testng.reporters.JUnitXMLReporter -->
<testsuite ignored="12" hostname="Jat" failures="27" tests="28" name="E2E Checkout Flow" time="5.806" errors="0" timestamp="2025-08-04T18:51:56 IST">
  <testcase classname="Page.LogIn_Page" name="loginpage" time="0.313"/>
  <testcase classname="Page.LogIn_Page" name="loginpage" time="0.002">
    <failure type="java.lang.NullPointerException" message="Cannot invoke &amp;quot;org.openqa.selenium.WebDriver.manage()&amp;quot; because &amp;quot;this.driver&amp;quot; is null">
      <![CDATA[java.lang.NullPointerException: Cannot invoke "org.openqa.selenium.WebDriver.manage()" because "this.driver" is null
at Page.LogIn_Page.ImplicitWait(LogIn_Page.java:22)
at Page.LogIn_Page.loginpage(LogIn_Page.java:43)
at java.base/java.util.ArrayList.forEach(ArrayList.java:1511)
... Removed 27 stack frames]]>
    </failure>
  </testcase> <!-- loginpage -->
  <testcase classname="Page.Main_Items_page" name="MainproductScreen" time="0.001">
    <failure type="java.lang.NullPointerException" message="Cannot invoke &amp;quot;java.util.Properties.getProperty(String)&amp;quot; because &amp;quot;this.pagelocaters&amp;quot; is null">
      <![CDATA[java.lang.NullPointerException: Cannot invoke "java.util.Properties.getProperty(String)" because "this.pagelocaters" is null
at Page.Main_Items_page.MainproductScreen(Main_Items_page.java:14)
at java.base/java.util.ArrayList.forEach(ArrayList.java:1511)
... Removed 27 stack frames]]>
    </failure>
  </testcase> <!-- MainproductScreen -->
  <testcase classname="Page.LogIn_Page" name="loginpage" time="0.001">
    <failure type="java.lang.NullPointerException" message="Cannot invoke &amp;quot;org.openqa.selenium.WebDriver.manage()&amp;quot; because &amp;quot;this.driver&amp;quot; is null">
      <![CDATA[java.lang.NullPointerException: Cannot invoke "org.openqa.selenium.WebDriver.manage()" because "this.driver" is null
at Page.LogIn_Page.ImplicitWait(LogIn_Page.java:22)
at Page.LogIn_Page.loginpage(LogIn_Page.java:43)
at java.base/java.util.ArrayList.forEach(ArrayList.java:1511)
... Removed 27 stack frames]]>
    </failure>
  </testcase> <!-- loginpage -->
  <testcase classname="Page.Main_Items_page" name="MainproductScreen" time="0.003">
    <failure type="java.lang.NullPointerException" message="Cannot invoke &amp;quot;java.util.Properties.getProperty(String)&amp;quot; because &amp;quot;this.pagelocaters&amp;quot; is null">
      <![CDATA[java.lang.NullPointerException: Cannot invoke "java.util.Properties.getProperty(String)" because "this.pagelocaters" is null
at Page.Main_Items_page.MainproductScreen(Main_Items_page.java:14)
at java.base/java.util.ArrayList.forEach(ArrayList.java:1511)
... Removed 27 stack frames]]>
    </failure>
  </testcase> <!-- MainproductScreen -->
  <testcase classname="Page.Shopping_Cart_page" name="CheckoutItemList" time="0.001">
    <failure type="java.lang.NullPointerException" message="Cannot invoke &amp;quot;java.util.Properties.getProperty(String)&amp;quot; because &amp;quot;this.pagelocaters&amp;quot; is null">
      <![CDATA[java.lang.NullPointerException: Cannot invoke "java.util.Properties.getProperty(String)" because "this.pagelocaters" is null
at Page.Shopping_Cart_page.CheckoutItemList(Shopping_Cart_page.java:13)
at java.base/java.util.ArrayList.forEach(ArrayList.java:1511)
... Removed 27 stack frames]]>
    </failure>
  </testcase> <!-- CheckoutItemList -->
  <testcase classname="Page.Checkout_information_page" name="information" time="0.002">
    <failure type="java.lang.NullPointerException" message="Cannot invoke &amp;quot;java.util.Properties.getProperty(String)&amp;quot; because &amp;quot;this.pagelocaters&amp;quot; is null">
      <![CDATA[java.lang.NullPointerException: Cannot invoke "java.util.Properties.getProperty(String)" because "this.pagelocaters" is null
at Page.Checkout_information_page.information(Checkout_information_page.java:13)
at java.base/java.util.ArrayList.forEach(ArrayList.java:1511)
... Removed 27 stack frames]]>
    </failure>
  </testcase> <!-- information -->
  <testcase classname="Page.LogIn_Page" name="loginpage" time="0.002">
    <failure type="java.lang.NullPointerException" message="Cannot invoke &amp;quot;org.openqa.selenium.WebDriver.manage()&amp;quot; because &amp;quot;this.driver&amp;quot; is null">
      <![CDATA[java.lang.NullPointerException: Cannot invoke "org.openqa.selenium.WebDriver.manage()" because "this.driver" is null
at Page.LogIn_Page.ImplicitWait(LogIn_Page.java:22)
at Page.LogIn_Page.loginpage(LogIn_Page.java:43)
at java.base/java.util.ArrayList.forEach(ArrayList.java:1511)
... Removed 27 stack frames]]>
    </failure>
  </testcase> <!-- loginpage -->
  <testcase classname="Page.Main_Items_page" name="MainproductScreen" time="0.001">
    <failure type="java.lang.NullPointerException" message="Cannot invoke &amp;quot;java.util.Properties.getProperty(String)&amp;quot; because &amp;quot;this.pagelocaters&amp;quot; is null">
      <![CDATA[java.lang.NullPointerException: Cannot invoke "java.util.Properties.getProperty(String)" because "this.pagelocaters" is null
at Page.Main_Items_page.MainproductScreen(Main_Items_page.java:14)
at java.base/java.util.ArrayList.forEach(ArrayList.java:1511)
... Removed 27 stack frames]]>
    </failure>
  </testcase> <!-- MainproductScreen -->
  <testcase classname="Page.Shopping_Cart_page" name="CheckoutItemList" time="0.001">
    <failure type="java.lang.NullPointerException" message="Cannot invoke &amp;quot;java.util.Properties.getProperty(String)&amp;quot; because &amp;quot;this.pagelocaters&amp;quot; is null">
      <![CDATA[java.lang.NullPointerException: Cannot invoke "java.util.Properties.getProperty(String)" because "this.pagelocaters" is null
at Page.Shopping_Cart_page.CheckoutItemList(Shopping_Cart_page.java:13)
at java.base/java.util.ArrayList.forEach(ArrayList.java:1511)
... Removed 27 stack frames]]>
    </failure>
  </testcase> <!-- CheckoutItemList -->
  <testcase classname="Page.Checkout_Overview" name="Checkprice" time="0.001">
    <failure type="java.lang.NullPointerException" message="Cannot invoke &amp;quot;java.util.Properties.getProperty(String)&amp;quot; because &amp;quot;this.pagelocaters&amp;quot; is null">
      <![CDATA[java.lang.NullPointerException: Cannot invoke "java.util.Properties.getProperty(String)" because "this.pagelocaters" is null
at Page.Checkout_Overview.Checkprice(Checkout_Overview.java:18)
at java.base/java.util.ArrayList.forEach(ArrayList.java:1511)
... Removed 27 stack frames]]>
    </failure>
  </testcase> <!-- Checkprice -->
  <testcase classname="Page.Checkout_information_page" name="information" time="0.001">
    <failure type="java.lang.NullPointerException" message="Cannot invoke &amp;quot;java.util.Properties.getProperty(String)&amp;quot; because &amp;quot;this.pagelocaters&amp;quot; is null">
      <![CDATA[java.lang.NullPointerException: Cannot invoke "java.util.Properties.getProperty(String)" because "this.pagelocaters" is null
at Page.Checkout_information_page.information(Checkout_information_page.java:13)
at java.base/java.util.ArrayList.forEach(ArrayList.java:1511)
... Removed 27 stack frames]]>
    </failure>
  </testcase> <!-- information -->
  <testcase classname="Page.LogIn_Page" name="loginpage" time="0.001">
    <failure type="java.lang.NullPointerException" message="Cannot invoke &amp;quot;org.openqa.selenium.WebDriver.manage()&amp;quot; because &amp;quot;this.driver&amp;quot; is null">
      <![CDATA[java.lang.NullPointerException: Cannot invoke "org.openqa.selenium.WebDriver.manage()" because "this.driver" is null
at Page.LogIn_Page.ImplicitWait(LogIn_Page.java:22)
at Page.LogIn_Page.loginpage(LogIn_Page.java:43)
at java.base/java.util.ArrayList.forEach(ArrayList.java:1511)
... Removed 27 stack frames]]>
    </failure>
  </testcase> <!-- loginpage -->
  <testcase classname="Page.Main_Items_page" name="MainproductScreen" time="0.001">
    <failure type="java.lang.NullPointerException" message="Cannot invoke &amp;quot;java.util.Properties.getProperty(String)&amp;quot; because &amp;quot;this.pagelocaters&amp;quot; is null">
      <![CDATA[java.lang.NullPointerException: Cannot invoke "java.util.Properties.getProperty(String)" because "this.pagelocaters" is null
at Page.Main_Items_page.MainproductScreen(Main_Items_page.java:14)
at java.base/java.util.ArrayList.forEach(ArrayList.java:1511)
... Removed 27 stack frames]]>
    </failure>
  </testcase> <!-- MainproductScreen -->
  <testcase classname="Page.Shopping_Cart_page" name="CheckoutItemList" time="0.001">
    <failure type="java.lang.NullPointerException" message="Cannot invoke &amp;quot;java.util.Properties.getProperty(String)&amp;quot; because &amp;quot;this.pagelocaters&amp;quot; is null">
      <![CDATA[java.lang.NullPointerException: Cannot invoke "java.util.Properties.getProperty(String)" because "this.pagelocaters" is null
at Page.Shopping_Cart_page.CheckoutItemList(Shopping_Cart_page.java:13)
at java.base/java.util.ArrayList.forEach(ArrayList.java:1511)
... Removed 27 stack frames]]>
    </failure>
  </testcase> <!-- CheckoutItemList -->
  <testcase classname="Page.Checkout_Complete" name="Confirmtext" time="0.0">
    <failure type="java.lang.NullPointerException" message="Cannot invoke &amp;quot;java.util.Properties.getProperty(String)&amp;quot; because &amp;quot;this.pagelocaters&amp;quot; is null">
      <![CDATA[java.lang.NullPointerException: Cannot invoke "java.util.Properties.getProperty(String)" because "this.pagelocaters" is null
at Page.Checkout_Complete.Confirmtext(Checkout_Complete.java:17)
at java.base/java.util.ArrayList.forEach(ArrayList.java:1511)
... Removed 27 stack frames]]>
    </failure>
  </testcase> <!-- Confirmtext -->
  <testcase classname="Page.Checkout_Overview" name="Checkprice" time="0.002">
    <failure type="java.lang.NullPointerException" message="Cannot invoke &amp;quot;java.util.Properties.getProperty(String)&amp;quot; because &amp;quot;this.pagelocaters&amp;quot; is null">
      <![CDATA[java.lang.NullPointerException: Cannot invoke "java.util.Properties.getProperty(String)" because "this.pagelocaters" is null
at Page.Checkout_Overview.Checkprice(Checkout_Overview.java:18)
at java.base/java.util.ArrayList.forEach(ArrayList.java:1511)
... Removed 27 stack frames]]>
    </failure>
  </testcase> <!-- Checkprice -->
  <testcase classname="Page.Checkout_information_page" name="information" time="0.0">
    <failure type="java.lang.NullPointerException" message="Cannot invoke &amp;quot;java.util.Properties.getProperty(String)&amp;quot; because &amp;quot;this.pagelocaters&amp;quot; is null">
      <![CDATA[java.lang.NullPointerException: Cannot invoke "java.util.Properties.getProperty(String)" because "this.pagelocaters" is null
at Page.Checkout_information_page.information(Checkout_information_page.java:13)
at java.base/java.util.ArrayList.forEach(ArrayList.java:1511)
... Removed 27 stack frames]]>
    </failure>
  </testcase> <!-- information -->
  <testcase classname="Page.LogIn_Page" name="loginpage" time="0.001">
    <failure type="java.lang.NullPointerException" message="Cannot invoke &amp;quot;org.openqa.selenium.WebDriver.manage()&amp;quot; because &amp;quot;this.driver&amp;quot; is null">
      <![CDATA[java.lang.NullPointerException: Cannot invoke "org.openqa.selenium.WebDriver.manage()" because "this.driver" is null
at Page.LogIn_Page.ImplicitWait(LogIn_Page.java:22)
at Page.LogIn_Page.loginpage(LogIn_Page.java:43)
at java.base/java.util.ArrayList.forEach(ArrayList.java:1511)
... Removed 27 stack frames]]>
    </failure>
  </testcase> <!-- loginpage -->
  <testcase classname="Page.Main_Items_page" name="MainproductScreen" time="0.001">
    <failure type="java.lang.NullPointerException" message="Cannot invoke &amp;quot;java.util.Properties.getProperty(String)&amp;quot; because &amp;quot;this.pagelocaters&amp;quot; is null">
      <![CDATA[java.lang.NullPointerException: Cannot invoke "java.util.Properties.getProperty(String)" because "this.pagelocaters" is null
at Page.Main_Items_page.MainproductScreen(Main_Items_page.java:14)
at java.base/java.util.ArrayList.forEach(ArrayList.java:1511)
... Removed 27 stack frames]]>
    </failure>
  </testcase> <!-- MainproductScreen -->
  <testcase classname="Page.Shopping_Cart_page" name="CheckoutItemList" time="0.001">
    <failure type="java.lang.NullPointerException" message="Cannot invoke &amp;quot;java.util.Properties.getProperty(String)&amp;quot; because &amp;quot;this.pagelocaters&amp;quot; is null">
      <![CDATA[java.lang.NullPointerException: Cannot invoke "java.util.Properties.getProperty(String)" because "this.pagelocaters" is null
at Page.Shopping_Cart_page.CheckoutItemList(Shopping_Cart_page.java:13)
at java.base/java.util.ArrayList.forEach(ArrayList.java:1511)
... Removed 27 stack frames]]>
    </failure>
  </testcase> <!-- CheckoutItemList -->
  <testcase classname="Page.BacktoLogin" name="GotoLoginScreen" time="0.001">
    <failure type="java.lang.NullPointerException" message="Cannot invoke &amp;quot;java.util.Properties.getProperty(String)&amp;quot; because &amp;quot;this.pagelocaters&amp;quot; is null">
      <![CDATA[java.lang.NullPointerException: Cannot invoke "java.util.Properties.getProperty(String)" because "this.pagelocaters" is null
at Page.BacktoLogin.GotoLoginScreen(BacktoLogin.java:13)
at java.base/java.util.ArrayList.forEach(ArrayList.java:1511)
... Removed 27 stack frames]]>
    </failure>
  </testcase> <!-- GotoLoginScreen -->
  <testcase classname="Page.Checkout_Complete" name="Confirmtext" time="0.001">
    <failure type="java.lang.NullPointerException" message="Cannot invoke &amp;quot;java.util.Properties.getProperty(String)&amp;quot; because &amp;quot;this.pagelocaters&amp;quot; is null">
      <![CDATA[java.lang.NullPointerException: Cannot invoke "java.util.Properties.getProperty(String)" because "this.pagelocaters" is null
at Page.Checkout_Complete.Confirmtext(Checkout_Complete.java:17)
at java.base/java.util.ArrayList.forEach(ArrayList.java:1511)
... Removed 27 stack frames]]>
    </failure>
  </testcase> <!-- Confirmtext -->
  <testcase classname="Page.Checkout_Overview" name="Checkprice" time="0.001">
    <failure type="java.lang.NullPointerException" message="Cannot invoke &amp;quot;java.util.Properties.getProperty(String)&amp;quot; because &amp;quot;this.pagelocaters&amp;quot; is null">
      <![CDATA[java.lang.NullPointerException: Cannot invoke "java.util.Properties.getProperty(String)" because "this.pagelocaters" is null
at Page.Checkout_Overview.Checkprice(Checkout_Overview.java:18)
at java.base/java.util.ArrayList.forEach(ArrayList.java:1511)
... Removed 27 stack frames]]>
    </failure>
  </testcase> <!-- Checkprice -->
  <testcase classname="Page.Checkout_information_page" name="information" time="0.001">
    <failure type="java.lang.NullPointerException" message="Cannot invoke &amp;quot;java.util.Properties.getProperty(String)&amp;quot; because &amp;quot;this.pagelocaters&amp;quot; is null">
      <![CDATA[java.lang.NullPointerException: Cannot invoke "java.util.Properties.getProperty(String)" because "this.pagelocaters" is null
at Page.Checkout_information_page.information(Checkout_information_page.java:13)
at java.base/java.util.ArrayList.forEach(ArrayList.java:1511)
... Removed 27 stack frames]]>
    </failure>
  </testcase> <!-- information -->
  <testcase classname="Page.LogIn_Page" name="loginpage" time="0.001">
    <failure type="java.lang.NullPointerException" message="Cannot invoke &amp;quot;org.openqa.selenium.WebDriver.manage()&amp;quot; because &amp;quot;this.driver&amp;quot; is null">
      <![CDATA[java.lang.NullPointerException: Cannot invoke "org.openqa.selenium.WebDriver.manage()" because "this.driver" is null
at Page.LogIn_Page.ImplicitWait(LogIn_Page.java:22)
at Page.LogIn_Page.loginpage(LogIn_Page.java:43)
at java.base/java.util.ArrayList.forEach(ArrayList.java:1511)
... Removed 27 stack frames]]>
    </failure>
  </testcase> <!-- loginpage -->
  <testcase classname="Page.Main_Items_page" name="MainproductScreen" time="0.001">
    <failure type="java.lang.NullPointerException" message="Cannot invoke &amp;quot;java.util.Properties.getProperty(String)&amp;quot; because &amp;quot;this.pagelocaters&amp;quot; is null">
      <![CDATA[java.lang.NullPointerException: Cannot invoke "java.util.Properties.getProperty(String)" because "this.pagelocaters" is null
at Page.Main_Items_page.MainproductScreen(Main_Items_page.java:14)
at java.base/java.util.ArrayList.forEach(ArrayList.java:1511)
... Removed 27 stack frames]]>
    </failure>
  </testcase> <!-- MainproductScreen -->
  <testcase classname="Page.Shopping_Cart_page" name="CheckoutItemList" time="0.001">
    <failure type="java.lang.NullPointerException" message="Cannot invoke &amp;quot;java.util.Properties.getProperty(String)&amp;quot; because &amp;quot;this.pagelocaters&amp;quot; is null">
      <![CDATA[java.lang.NullPointerException: Cannot invoke "java.util.Properties.getProperty(String)" because "this.pagelocaters" is null
at Page.Shopping_Cart_page.CheckoutItemList(Shopping_Cart_page.java:13)
at java.base/java.util.ArrayList.forEach(ArrayList.java:1511)
... Removed 27 stack frames]]>
    </failure>
  </testcase> <!-- CheckoutItemList -->
  <testcase classname="Utils.File_Reader" name="@BeforeTest ReadData" time="0.0">
    <ignored/>
  </testcase> <!-- @BeforeTest ReadData -->
  <testcase classname="Utils.Browser" name="@BeforeTest OpenBrowser" time="0.0">
    <ignored/>
  </testcase> <!-- @BeforeTest OpenBrowser -->
  <testcase classname="Utils.File_Reader" name="@BeforeTest ReadData" time="0.0">
    <ignored/>
  </testcase> <!-- @BeforeTest ReadData -->
  <testcase classname="Utils.Browser" name="@BeforeTest OpenBrowser" time="0.0">
    <ignored/>
  </testcase> <!-- @BeforeTest OpenBrowser -->
  <testcase classname="Utils.File_Reader" name="@BeforeTest ReadData" time="0.0">
    <ignored/>
  </testcase> <!-- @BeforeTest ReadData -->
  <testcase classname="Utils.Browser" name="@BeforeTest OpenBrowser" time="0.0">
    <ignored/>
  </testcase> <!-- @BeforeTest OpenBrowser -->
  <testcase classname="Utils.Browser" name="@BeforeTest OpenBrowser" time="0.0">
    <ignored/>
  </testcase> <!-- @BeforeTest OpenBrowser -->
  <testcase classname="Utils.Browser" name="@BeforeTest OpenBrowser" time="0.0">
    <ignored/>
  </testcase> <!-- @BeforeTest OpenBrowser -->
  <testcase classname="Utils.File_Reader" name="@BeforeTest ReadData" time="0.0">
    <ignored/>
  </testcase> <!-- @BeforeTest ReadData -->
  <testcase classname="Utils.Browser" name="@BeforeTest OpenBrowser" time="0.0">
    <ignored/>
  </testcase> <!-- @BeforeTest OpenBrowser -->
  <testcase classname="Utils.File_Reader" name="@BeforeTest ReadData" time="0.0">
    <ignored/>
  </testcase> <!-- @BeforeTest ReadData -->
  <testcase classname="Utils.File_Reader" name="@BeforeTest ReadData" time="0.0">
    <ignored/>
  </testcase> <!-- @BeforeTest ReadData -->
</testsuite> <!-- E2E Checkout Flow -->
