<?xml version="1.0" encoding="UTF-8"?>
<!-- Generated by org.testng.reporters.JUnitXMLReporter -->
<testsuite ignored="0" hostname="Jat" failures="0" tests="8" name="Test" time="9.34" errors="0" timestamp="2025-08-07T20:29:44 IST">
  <testcase classname="Page.Main_run_test" name="completeCheckoutFlow" time="2.095"/>
  <testcase classname="Page.LogIn_Page" name="loginpage" time="0.427"/>
  <testcase classname="Page.Main_Items_page" name="MainproductScreen" time="0.272"/>
  <testcase classname="Page.Shopping_Cart_page" name="CheckoutItemList" time="0.294"/>
  <testcase classname="Page.Checkout_information_page" name="information" time="0.469"/>
  <testcase classname="Page.Checkout_Overview" name="Checkprice" time="0.233"/>
  <testcase classname="Page.Checkout_Complete" name="Confirmtext" time="0.157"/>
  <testcase classname="Page.BacktoLogin" name="GotoLoginScreen" time="0.225"/>
</testsuite> <!-- Test -->
