<?xml version="1.0" encoding="UTF-8"?>
<!-- Generated by org.testng.reporters.JUnitXMLReporter -->
<testsuite ignored="0" hostname="Jat" failures="0" tests="8" name="Test" time="15.122" errors="0" timestamp="2025-08-04T19:08:25 IST">
  <testcase classname="Page.Main_run_test" name="completeCheckoutFlow" time="7.425"/>
  <testcase classname="Page.LogIn_Page" name="loginpage" time="0.862"/>
  <testcase classname="Page.Main_Items_page" name="MainproductScreen" time="0.794"/>
  <testcase classname="Page.Shopping_Cart_page" name="CheckoutItemList" time="0.694"/>
  <testcase classname="Page.Checkout_information_page" name="information" time="0.888"/>
  <testcase classname="Page.Checkout_Overview" name="Checkprice" time="0.404"/>
  <testcase classname="Page.Checkout_Complete" name="Confirmtext" time="0.269"/>
  <testcase classname="Page.BacktoLogin" name="GotoLoginScreen" time="0.605"/>
</testsuite> <!-- Test -->
