<?xml version="1.0" encoding="UTF-8"?>
<testng-results ignored="0" total="8" passed="8" failed="0" skipped="0">
  <reporter-output>
  </reporter-output>
  <suite started-at="2025-08-08T11:48:17 IST" name="Default suite" finished-at="2025-08-08T11:48:28 IST" duration-ms="10107">
    <groups>
    </groups>
    <test started-at="2025-08-08T11:48:17 IST" name="Default test" finished-at="2025-08-08T11:48:28 IST" duration-ms="10107">
      <class name="Page.Main_run_test">
        <test-method is-config="true" signature="ReadData()[pri:0, instance:Page.Main_run_test@7d3e8655]" started-at="2025-08-08T11:48:18 IST" name="ReadData" finished-at="2025-08-08T11:48:18 IST" duration-ms="54" status="PASS">
          <reporter-output>
          </reporter-output>
        </test-method> <!-- ReadData -->
        <test-method is-config="true" signature="OpenBrowser()[pri:0, instance:Page.Main_run_test@7d3e8655]" started-at="2025-08-08T11:48:18 IST" name="OpenBrowser" finished-at="2025-08-08T11:48:21 IST" depends-on-methods="Utils.File_Reader.ReadData" duration-ms="3939" status="PASS">
          <reporter-output>
          </reporter-output>
        </test-method> <!-- OpenBrowser -->
        <test-method signature="completeCheckoutFlow()[pri:0, instance:Page.Main_run_test@7d3e8655]" started-at="2025-08-08T11:48:22 IST" name="completeCheckoutFlow" finished-at="2025-08-08T11:48:24 IST" duration-ms="2711" status="PASS">
          <reporter-output>
          </reporter-output>
        </test-method> <!-- completeCheckoutFlow -->
        <test-method signature="loginpage()[pri:1, instance:Page.Main_run_test@7d3e8655]" started-at="2025-08-08T11:48:24 IST" name="loginpage" finished-at="2025-08-08T11:48:25 IST" duration-ms="636" status="PASS">
          <reporter-output>
          </reporter-output>
        </test-method> <!-- loginpage -->
        <test-method signature="MainproductScreen()[pri:2, instance:Page.Main_run_test@7d3e8655]" started-at="2025-08-08T11:48:25 IST" name="MainproductScreen" finished-at="2025-08-08T11:48:26 IST" duration-ms="770" status="PASS">
          <reporter-output>
          </reporter-output>
        </test-method> <!-- MainproductScreen -->
        <test-method signature="CheckoutItemList()[pri:3, instance:Page.Main_run_test@7d3e8655]" started-at="2025-08-08T11:48:26 IST" name="CheckoutItemList" finished-at="2025-08-08T11:48:26 IST" duration-ms="383" status="PASS">
          <reporter-output>
          </reporter-output>
        </test-method> <!-- CheckoutItemList -->
        <test-method signature="information()[pri:4, instance:Page.Main_run_test@7d3e8655]" started-at="2025-08-08T11:48:26 IST" name="information" finished-at="2025-08-08T11:48:27 IST" duration-ms="586" status="PASS">
          <reporter-output>
          </reporter-output>
        </test-method> <!-- information -->
        <test-method signature="Checkprice()[pri:5, instance:Page.Main_run_test@7d3e8655]" started-at="2025-08-08T11:48:27 IST" name="Checkprice" finished-at="2025-08-08T11:48:27 IST" duration-ms="318" status="PASS">
          <reporter-output>
          </reporter-output>
        </test-method> <!-- Checkprice -->
        <test-method signature="Confirmtext()[pri:6, instance:Page.Main_run_test@7d3e8655]" started-at="2025-08-08T11:48:27 IST" name="Confirmtext" finished-at="2025-08-08T11:48:27 IST" duration-ms="174" status="PASS">
          <reporter-output>
          </reporter-output>
        </test-method> <!-- Confirmtext -->
        <test-method signature="GotoLoginScreen()[pri:7, instance:Page.Main_run_test@7d3e8655]" started-at="2025-08-08T11:48:27 IST" name="GotoLoginScreen" finished-at="2025-08-08T11:48:28 IST" duration-ms="443" status="PASS">
          <reporter-output>
          </reporter-output>
        </test-method> <!-- GotoLoginScreen -->
      </class> <!-- Page.Main_run_test -->
    </test> <!-- Default test -->
  </suite> <!-- Default suite -->
</testng-results>
